<?xml version='1.0' encoding='UTF-8'?>
<testsuite hostname="knoldus-Vostro-1550" name="ApplicationSpec" tests="3" errors="0" failures="1" time="2.486">
                     <properties>
      <property name="jline.esc.timeout" value="0"/><property name="java.runtime.name" value="OpenJDK Runtime Environment"/><property name="sun.boot.library.path" value="/usr/lib/jvm/java-8-openjdk-amd64/jre/lib/amd64"/><property name="java.vm.version" value="25.121-b13"/><property name="activator.home" value="/home/knoldus/Application/activator-dist-1.3.12"/><property name="java.vm.vendor" value="Oracle Corporation"/><property name="java.vendor.url" value="http://java.oracle.com/"/><property name="path.separator" value=":"/><property name="java.vm.name" value="OpenJDK 64-Bit Server VM"/><property name="file.encoding.pkg" value="sun.io"/><property name="user.country" value="IN"/><property name="sun.java.launcher" value="SUN_STANDARD"/><property name="sun.os.patch.level" value="unknown"/><property name="java.vm.specification.name" value="Java Virtual Machine Specification"/><property name="user.dir" value="/home/knoldus/Documents/KIPSolutions/play/play-assignment03"/><property name="java.runtime.version" value="1.8.0_121-8u121-b13-0ubuntu1.16.04.2-b13"/><property name="java.awt.graphicsenv" value="sun.awt.X11GraphicsEnvironment"/><property name="java.endorsed.dirs" value="/usr/lib/jvm/java-8-openjdk-amd64/jre/lib/endorsed"/><property name="os.arch" value="amd64"/><property name="java.io.tmpdir" value="/tmp"/><property name="line.separator" value="
"/><property name="java.vm.specification.vendor" value="Oracle Corporation"/><property name="os.name" value="Linux"/><property name="sun.jnu.encoding" value="UTF-8"/><property name="java.library.path" value="/usr/java/packages/lib/amd64:/usr/lib/x86_64-linux-gnu/jni:/lib/x86_64-linux-gnu:/usr/lib/x86_64-linux-gnu:/usr/lib/jni:/lib:/usr/lib"/><property name="java.specification.name" value="Java Platform API Specification"/><property name="java.class.version" value="52.0"/><property name="sun.management.compiler" value="HotSpot 64-Bit Tiered Compilers"/><property name="os.version" value="4.4.0-64-generic"/><property name="user.home" value="/home/knoldus"/><property name="user.timezone" value="Asia/Kolkata"/><property name="java.awt.printerjob" value="sun.print.PSPrinterJob"/><property name="file.encoding" value="UTF-8"/><property name="java.specification.version" value="1.8"/><property name="java.class.path" value="/home/knoldus/Application/activator-dist-1.3.12/libexec/activator-launch-1.3.12.jar"/><property name="user.name" value="knoldus"/><property name="jline.shutdownhook" value="false"/><property name="java.vm.specification.version" value="1.8"/><property name="sun.java.command" value="/home/knoldus/Application/activator-dist-1.3.12/libexec/activator-launch-1.3.12.jar test"/><property name="java.home" value="/usr/lib/jvm/java-8-openjdk-amd64/jre"/><property name="sun.arch.data.model" value="64"/><property name="user.language" value="en"/><property name="java.specification.vendor" value="Oracle Corporation"/><property name="awt.toolkit" value="sun.awt.X11.XToolkit"/><property name="java.vm.info" value="mixed mode"/><property name="java.version" value="1.8.0_121"/><property name="java.ext.dirs" value="/usr/lib/jvm/java-8-openjdk-amd64/jre/lib/ext:/usr/java/packages/lib/ext"/><property name="sun.boot.class.path" value="/usr/lib/jvm/java-8-openjdk-amd64/jre/lib/resources.jar:/usr/lib/jvm/java-8-openjdk-amd64/jre/lib/rt.jar:/usr/lib/jvm/java-8-openjdk-amd64/jre/lib/sunrsasign.jar:/usr/lib/jvm/java-8-openjdk-amd64/jre/lib/jsse.jar:/usr/lib/jvm/java-8-openjdk-amd64/jre/lib/jce.jar:/usr/lib/jvm/java-8-openjdk-amd64/jre/lib/charsets.jar:/usr/lib/jvm/java-8-openjdk-amd64/jre/lib/jfr.jar:/usr/lib/jvm/java-8-openjdk-amd64/jre/classes"/><property name="java.vendor" value="Oracle Corporation"/><property name="file.separator" value="/"/><property name="java.vendor.url.bug" value="http://bugreport.sun.com/bugreport/"/><property name="sun.io.unicode.encoding" value="UnicodeLittle"/><property name="sun.cpu.endian" value="little"/><property name="sun.desktop" value="gnome"/><property name="sun.cpu.isalist" value=""/>
    </properties>
                     <testcase classname="ApplicationSpec" name="Routes should send 404 on a bad request" time="0.735">
                                                 
                                               </testcase><testcase classname="ApplicationSpec" name="HomeController should render the index page" time="1.032">
                                                 <failure message="org.scalatest.exceptions.TestFailedException: &quot;

&lt;!DOCTYPE html&gt;
&lt;html lang=&quot;en&quot;&gt;
&lt;head&gt;
    
    &lt;title&gt;Welcome&lt;/title&gt;

    &lt;link rel=&quot;stylesheet&quot; media=&quot;screen&quot; href=&quot;/assets/stylesheets/bootstrap.min.css&quot;&gt;
    &lt;link rel=&quot;stylesheet&quot; media=&quot;screen&quot; href=&quot;/assets/stylesheets/main.css&quot;&gt;
    &lt;link rel=&quot;shortcut icon&quot; type=&quot;image/png&quot; href=&quot;/assets/images/favicon.png&quot;&gt;
    &lt;script src=&quot;/assets/javascripts/bootstrap.min.js&quot; type=&quot;text/javascript&quot;&gt;&lt;/script&gt;


    &lt;/head&gt;
    &lt;body&gt;
    &lt;div class=&quot;container-fluid&quot;&gt;
&lt;div class=&quot;row&quot;&gt;
    &lt;div&gt;
        &lt;h1&gt;&lt;center&gt;Welcome. Please Sign in or sign up. &lt;/center&gt;&lt;/h1&gt;
    &lt;/div&gt;
&lt;/div&gt;
&lt;div class=&quot;row&quot;&gt;
    &lt;br&gt;
    &lt;/div&gt;
&lt;div class=&quot;row&quot; id=&quot;content&quot;&gt;

    &lt;a class=&quot;btn btn-success col-md-2 col-md-offset-3&quot; href=&quot;/signin&quot; class=&quot;col-md-3 col-md-offset-4&quot;&gt;Sign in&lt;/a&gt;


    &lt;a class=&quot;btn btn-success col-md-2 col-md-offset-2&quot; href=&quot;/signup&quot; class=&quot;col-md-3&quot;&gt;Sign up&lt;/a&gt;


&lt;/div&gt;

&lt;/div&gt;
&lt;/body&gt;
&lt;/html&gt;
&quot; did not include substring &quot;Your new application is ready.&quot;" type="sbt.ForkMain$ForkError">sbt.ForkMain$ForkError: org.scalatest.exceptions.TestFailedException: &quot;

&lt;!DOCTYPE html&gt;
&lt;html lang=&quot;en&quot;&gt;
&lt;head&gt;
    
    &lt;title&gt;Welcome&lt;/title&gt;

    &lt;link rel=&quot;stylesheet&quot; media=&quot;screen&quot; href=&quot;/assets/stylesheets/bootstrap.min.css&quot;&gt;
    &lt;link rel=&quot;stylesheet&quot; media=&quot;screen&quot; href=&quot;/assets/stylesheets/main.css&quot;&gt;
    &lt;link rel=&quot;shortcut icon&quot; type=&quot;image/png&quot; href=&quot;/assets/images/favicon.png&quot;&gt;
    &lt;script src=&quot;/assets/javascripts/bootstrap.min.js&quot; type=&quot;text/javascript&quot;&gt;&lt;/script&gt;


    &lt;/head&gt;
    &lt;body&gt;
    &lt;div class=&quot;container-fluid&quot;&gt;
&lt;div class=&quot;row&quot;&gt;
    &lt;div&gt;
        &lt;h1&gt;&lt;center&gt;Welcome. Please Sign in or sign up. &lt;/center&gt;&lt;/h1&gt;
    &lt;/div&gt;
&lt;/div&gt;
&lt;div class=&quot;row&quot;&gt;
    &lt;br&gt;
    &lt;/div&gt;
&lt;div class=&quot;row&quot; id=&quot;content&quot;&gt;

    &lt;a class=&quot;btn btn-success col-md-2 col-md-offset-3&quot; href=&quot;/signin&quot; class=&quot;col-md-3 col-md-offset-4&quot;&gt;Sign in&lt;/a&gt;


    &lt;a class=&quot;btn btn-success col-md-2 col-md-offset-2&quot; href=&quot;/signup&quot; class=&quot;col-md-3&quot;&gt;Sign up&lt;/a&gt;


&lt;/div&gt;

&lt;/div&gt;
&lt;/body&gt;
&lt;/html&gt;
&quot; did not include substring &quot;Your new application is ready.&quot;
	at org.scalatest.MatchersHelper$.newTestFailedException(MatchersHelper.scala:160)
	at org.scalatest.MustMatchers$MustMethodHelper$.mustMatcher(MustMatchers.scala:6254)
	at org.scalatest.MustMatchers$AnyMustWrapper.must(MustMatchers.scala:6288)
	at ApplicationSpec$$anonfun$2$$anonfun$apply$mcV$sp$2.apply$mcV$sp(ApplicationSpec.scala:27)
	at ApplicationSpec$$anonfun$2$$anonfun$apply$mcV$sp$2.apply(ApplicationSpec.scala:22)
	at ApplicationSpec$$anonfun$2$$anonfun$apply$mcV$sp$2.apply(ApplicationSpec.scala:22)
	at org.scalatest.Transformer$$anonfun$apply$1.apply$mcV$sp(Transformer.scala:22)
	at org.scalatest.OutcomeOf$class.outcomeOf(OutcomeOf.scala:85)
	at org.scalatest.OutcomeOf$.outcomeOf(OutcomeOf.scala:104)
	at org.scalatest.Transformer.apply(Transformer.scala:22)
	at org.scalatest.Transformer.apply(Transformer.scala:20)
	at org.scalatest.WordSpecLike$$anon$1.apply(WordSpecLike.scala:953)
	at org.scalatest.Suite$class.withFixture(Suite.scala:1122)
	at ApplicationSpec.org$scalatestplus$play$OneAppPerTest$$super$withFixture(ApplicationSpec.scala:10)
	at org.scalatestplus.play.OneAppPerTest$$anonfun$withFixture$1.apply(OneAppPerTest.scala:90)
	at org.scalatestplus.play.OneAppPerTest$$anonfun$withFixture$1.apply(OneAppPerTest.scala:90)
	at play.api.test.PlayRunners$class.running(Helpers.scala:57)
	at play.api.test.Helpers$.running(Helpers.scala:382)
	at org.scalatestplus.play.OneAppPerTest$class.withFixture(OneAppPerTest.scala:89)
	at ApplicationSpec.withFixture(ApplicationSpec.scala:10)
	at org.scalatest.WordSpecLike$class.invokeWithFixture$1(WordSpecLike.scala:950)
	at org.scalatest.WordSpecLike$$anonfun$runTest$1.apply(WordSpecLike.scala:962)
	at org.scalatest.WordSpecLike$$anonfun$runTest$1.apply(WordSpecLike.scala:962)
	at org.scalatest.SuperEngine.runTestImpl(Engine.scala:306)
	at org.scalatest.WordSpecLike$class.runTest(WordSpecLike.scala:962)
	at org.scalatest.WordSpec.runTest(WordSpec.scala:1881)
	at org.scalatest.WordSpecLike$$anonfun$runTests$1.apply(WordSpecLike.scala:1021)
	at org.scalatest.WordSpecLike$$anonfun$runTests$1.apply(WordSpecLike.scala:1021)
	at org.scalatest.SuperEngine$$anonfun$traverseSubNodes$1$1.apply(Engine.scala:413)
	at org.scalatest.SuperEngine$$anonfun$traverseSubNodes$1$1.apply(Engine.scala:401)
	at scala.collection.immutable.List.foreach(List.scala:381)
	at org.scalatest.SuperEngine.traverseSubNodes$1(Engine.scala:401)
	at org.scalatest.SuperEngine.org$scalatest$SuperEngine$$runTestsInBranch(Engine.scala:390)
	at org.scalatest.SuperEngine$$anonfun$traverseSubNodes$1$1.apply(Engine.scala:427)
	at org.scalatest.SuperEngine$$anonfun$traverseSubNodes$1$1.apply(Engine.scala:401)
	at scala.collection.immutable.List.foreach(List.scala:381)
	at org.scalatest.SuperEngine.traverseSubNodes$1(Engine.scala:401)
	at org.scalatest.SuperEngine.org$scalatest$SuperEngine$$runTestsInBranch(Engine.scala:396)
	at org.scalatest.SuperEngine.runTestsImpl(Engine.scala:483)
	at org.scalatest.WordSpecLike$class.runTests(WordSpecLike.scala:1021)
	at org.scalatest.WordSpec.runTests(WordSpec.scala:1881)
	at org.scalatest.Suite$class.run(Suite.scala:1424)
	at org.scalatest.WordSpec.org$scalatest$WordSpecLike$$super$run(WordSpec.scala:1881)
	at org.scalatest.WordSpecLike$$anonfun$run$1.apply(WordSpecLike.scala:1067)
	at org.scalatest.WordSpecLike$$anonfun$run$1.apply(WordSpecLike.scala:1067)
	at org.scalatest.SuperEngine.runImpl(Engine.scala:545)
	at org.scalatest.WordSpecLike$class.run(WordSpecLike.scala:1067)
	at org.scalatest.WordSpec.run(WordSpec.scala:1881)
	at org.scalatest.tools.Framework.org$scalatest$tools$Framework$$runSuite(Framework.scala:357)
	at org.scalatest.tools.Framework$ScalaTestTask.execute(Framework.scala:502)
	at sbt.ForkMain$Run$2.call(ForkMain.java:296)
	at sbt.ForkMain$Run$2.call(ForkMain.java:286)
	at java.util.concurrent.FutureTask.run(FutureTask.java:266)
	at java.util.concurrent.ThreadPoolExecutor.runWorker(ThreadPoolExecutor.java:1142)
	at java.util.concurrent.ThreadPoolExecutor$Worker.run(ThreadPoolExecutor.java:617)
	at java.lang.Thread.run(Thread.java:745)
</failure>
                                               </testcase><testcase classname="ApplicationSpec" name="CountController should return an increasing count" time="0.719">
                                                 
                                               </testcase>
                     <system-out></system-out>
                     <system-err></system-err>
                   </testsuite>