<?xml version='1.0' encoding='UTF-8'?>
<testsuite hostname="knoldus-Vostro-1550" name="HomeControllerSpec" tests="5" errors="0" failures="1" time="9.395">
                     <properties>
[...]
</properties>
                     <testcase classname="HomeControllerSpec" name="Routes should send 404 on a bad request" time="7.009">
                                                 
                                               </testcase><testcase classname="HomeControllerSpec" name="HomeController should render the welcome page" time="0.758">
                                                 
                                               </testcase><testcase classname="HomeControllerSpec" name="HomeController should render the sign in page" time="0.493">
                                                 
                                               </testcase><testcase classname="HomeControllerSpec" name="HomeController should render the sign up page" time="0.538">
                                                 
                                               </testcase><testcase classname="HomeControllerSpec" name="HomeController should dont open profile when not logged in" time="0.597">
                                                 <failure message="org.scalatest.exceptions.TestFailedException: 401 was not equal to 200" type="sbt.ForkMain$ForkError">sbt.ForkMain$ForkError: org.scalatest.exceptions.TestFailedException: 401 was not equal to 200
	at org.scalatest.MatchersHelper$.newTestFailedException(MatchersHelper.scala:160)
	at org.scalatest.MustMatchers$AnyMustWrapper.mustBe(MustMatchers.scala:6431)
	at HomeControllerSpec$$anonfun$2$$anonfun$apply$mcV$sp$5.apply$mcV$sp(HomeControllerSpec.scala:48)
	at HomeControllerSpec$$anonfun$2$$anonfun$apply$mcV$sp$5.apply(HomeControllerSpec.scala:45)
	at HomeControllerSpec$$anonfun$2$$anonfun$apply$mcV$sp$5.apply(HomeControllerSpec.scala:45)
	at org.scalatest.Transformer$$anonfun$apply$1.apply$mcV$sp(Transformer.scala:22)
	at org.scalatest.OutcomeOf$class.outcomeOf(OutcomeOf.scala:85)
	at org.scalatest.OutcomeOf$.outcomeOf(OutcomeOf.scala:104)
	at org.scalatest.Transformer.apply(Transformer.scala:22)
	at org.scalatest.Transformer.apply(Transformer.scala:20)
	at org.scalatest.WordSpecLike$$anon$1.apply(WordSpecLike.scala:953)
	at org.scalatest.Suite$class.withFixture(Suite.scala:1122)
	at HomeControllerSpec.org$scalatestplus$play$OneAppPerTest$$super$withFixture(HomeControllerSpec.scala:8)
	at org.scalatestplus.play.OneAppPerTest$$anonfun$withFixture$1.apply(OneAppPerTest.scala:90)
	at org.scalatestplus.play.OneAppPerTest$$anonfun$withFixture$1.apply(OneAppPerTest.scala:90)
	at play.api.test.PlayRunners$class.running(Helpers.scala:57)
	at play.api.test.Helpers$.running(Helpers.scala:382)
	at org.scalatestplus.play.OneAppPerTest$class.withFixture(OneAppPerTest.scala:89)
	at HomeControllerSpec.withFixture(HomeControllerSpec.scala:8)
	at org.scalatest.WordSpecLike$class.invokeWithFixture$1(WordSpecLike.scala:950)
	at org.scalatest.WordSpecLike$$anonfun$runTest$1.apply(WordSpecLike.scala:962)
	at org.scalatest.WordSpecLike$$anonfun$runTest$1.apply(WordSpecLike.scala:962)
	at org.scalatest.SuperEngine.runTestImpl(Engine.scala:306)
	at org.scalatest.WordSpecLike$class.runTest(WordSpecLike.scala:962)
	at org.scalatest.WordSpec.runTest(WordSpec.scala:1881)
	at org.scalatest.WordSpecLike$$anonfun$runTests$1.apply(WordSpecLike.scala:1021)
	at org.scalatest.WordSpecLike$$anonfun$runTests$1.apply(WordSpecLike.scala:1021)
	at org.scalatest.SuperEngine$$anonfun$traverseSubNodes$1$1.apply(Engine.scala:413)
	at org.scalatest.SuperEngine$$anonfun$traverseSubNodes$1$1.apply(Engine.scala:401)
	at scala.collection.immutable.List.foreach(List.scala:381)
	at org.scalatest.SuperEngine.traverseSubNodes$1(Engine.scala:401)
	at org.scalatest.SuperEngine.org$scalatest$SuperEngine$$runTestsInBranch(Engine.scala:390)
	at org.scalatest.SuperEngine$$anonfun$traverseSubNodes$1$1.apply(Engine.scala:427)
	at org.scalatest.SuperEngine$$anonfun$traverseSubNodes$1$1.apply(Engine.scala:401)
	at scala.collection.immutable.List.foreach(List.scala:381)
	at org.scalatest.SuperEngine.traverseSubNodes$1(Engine.scala:401)
	at org.scalatest.SuperEngine.org$scalatest$SuperEngine$$runTestsInBranch(Engine.scala:396)
	at org.scalatest.SuperEngine.runTestsImpl(Engine.scala:483)
	at org.scalatest.WordSpecLike$class.runTests(WordSpecLike.scala:1021)
	at org.scalatest.WordSpec.runTests(WordSpec.scala:1881)
	at org.scalatest.Suite$class.run(Suite.scala:1424)
	at org.scalatest.WordSpec.org$scalatest$WordSpecLike$$super$run(WordSpec.scala:1881)
	at org.scalatest.WordSpecLike$$anonfun$run$1.apply(WordSpecLike.scala:1067)
	at org.scalatest.WordSpecLike$$anonfun$run$1.apply(WordSpecLike.scala:1067)
	at org.scalatest.SuperEngine.runImpl(Engine.scala:545)
	at org.scalatest.WordSpecLike$class.run(WordSpecLike.scala:1067)
	at org.scalatest.WordSpec.run(WordSpec.scala:1881)
	at org.scalatest.tools.Framework.org$scalatest$tools$Framework$$runSuite(Framework.scala:357)
	at org.scalatest.tools.Framework$ScalaTestTask.execute(Framework.scala:502)
	at sbt.ForkMain$Run$2.call(ForkMain.java:296)
	at sbt.ForkMain$Run$2.call(ForkMain.java:286)
	at java.util.concurrent.FutureTask.run(FutureTask.java:266)
	at java.util.concurrent.ThreadPoolExecutor.runWorker(ThreadPoolExecutor.java:1142)
	at java.util.concurrent.ThreadPoolExecutor$Worker.run(ThreadPoolExecutor.java:617)
	at java.lang.Thread.run(Thread.java:745)
</failure>
                                               </testcase>
                     <system-out></system-out>
                     <system-err></system-err>
                   </testsuite>